
Aug 17, 2021 12:27:36.528 NEW SESSION
Aug 17, 2021 12:27:36.529 [8212:16436:0817/122736.498:ERROR:device_event_log_impl.cc(214)] [12:27:36.498] USB: usb_device_handle_win.cc:1048 Failed to read descriptor from node connection: A device attached to the system is not functioning. (0x1F)
Aug 17, 2021 12:27:36.533 [8212:16436:0817/122736.510:ERROR:device_event_log_impl.cc(214)] [12:27:36.510] USB: usb_device_handle_win.cc:1048 Failed to read descriptor from node connection: A device attached to the system is not functioning. (0x1F)
Aug 17, 2021 13:58:00.875 [9056:14976:0817/135800.872:ERROR:device_event_log_impl.cc(214)] [13:58:00.872] USB: usb_device_handle_win.cc:1048 Failed to read descriptor from node connection: A device attached to the system is not functioning. (0x1F)

Aug 23, 2021 09:34:08.370 NEW SESSION
Aug 23, 2021 09:34:08.370 [11796:12928:0823/093408.319:ERROR:device_event_log_impl.cc(214)] [09:34:08.319] USB: usb_device_handle_win.cc:1048 Failed to read descriptor from node connection: A device attached to the system is not functioning. (0x1F)
Aug 23, 2021 09:57:42.469 [17172:2560:0823/095742.464:ERROR:device_event_log_impl.cc(214)] [09:57:42.465] USB: usb_device_handle_win.cc:1048 Failed to read descriptor from node connection: A device attached to the system is not functioning. (0x1F)

Aug 28, 2021 20:42:27.616 NEW SESSION
Aug 28, 2021 20:42:27.616 [4224:8328:0828/204227.610:ERROR:device_event_log_impl.cc(214)] [20:42:27.610] USB: usb_device_handle_win.cc:1048 Failed to read descriptor from node connection: A device attached to the system is not functioning. (0x1F)
Aug 28, 2021 20:42:27.617 [4224:8328:0828/204227.611:ERROR:device_event_log_impl.cc(214)] [20:42:27.611] USB: usb_device_handle_win.cc:1048 Failed to read descriptor from node connection: A device attached to the system is not functioning. (0x1F)

Sept 02, 2021 10:27:12.170 NEW SESSION
Sept 02, 2021 10:27:12.171 [20324:32640:0902/102712.127:ERROR:device_event_log_impl.cc(214)] [10:27:12.128] USB: usb_device_handle_win.cc:1048 Failed to read descriptor from node connection: A device attached to the system is not functioning. (0x1F)
Sept 02, 2021 10:27:12.173 [20324:32640:0902/102712.128:ERROR:device_event_log_impl.cc(214)] [10:27:12.129] USB: usb_device_handle_win.cc:1048 Failed to read descriptor from node connection: A device attached to the system is not functioning. (0x1F)
Sept 02, 2021 12:27:01.870 [0902/122701.355:ERROR:filesystem_win.cc(129)] GetFileAttributes C:\Users\feliz\AppData\Local\Google\Chrome\User Data\Crashpad\attachments\c84f0c13-01ee-484a-a42f-38921901c361: The system cannot find the path specified. (0x3)
Sept 02, 2021 12:27:02.103 [0902/122701.366:ERROR:filesystem_win.cc(129)] GetFileAttributes C:\Users\feliz\AppData\Local\Google\Chrome\User Data\Crashpad\attachments\4be2cca8-698f-43cf-954e-9fb14a46f4cb: The system cannot find the path specified. (0x3)
Sept 02, 2021 12:27:02.132 [0902/122701.534:ERROR:filesystem_win.cc(129)] GetFileAttributes C:\Users\feliz\AppData\Local\Google\Chrome\User Data\Crashpad\attachments\e58d36d7-9a82-406d-8f87-1d637f5575bc: The system cannot find the path specified. (0x3)

Sept 11, 2021 20:49:46.417 NEW SESSION
Sept 11, 2021 20:49:46.417 [16348:12968:0911/204946.411:ERROR:device_event_log_impl.cc(214)] [20:49:46.411] USB: usb_device_handle_win.cc:1048 Failed to read descriptor from node connection: A device attached to the system is not functioning. (0x1F)
Sept 11, 2021 20:49:46.418 [16348:12968:0911/204946.412:ERROR:device_event_log_impl.cc(214)] [20:49:46.412] USB: usb_device_handle_win.cc:1048 Failed to read descriptor from node connection: A device attached to the system is not functioning. (0x1F)
Sept 11, 2021 20:55:01.208 [15544:3568:0911/205501.207:ERROR:device_event_log_impl.cc(214)] [20:55:01.207] USB: usb_device_handle_win.cc:1048 Failed to read descriptor from node connection: A device attached to the system is not functioning. (0x1F)
Sept 11, 2021 20:55:01.209 [15544:3568:0911/205501.207:ERROR:device_event_log_impl.cc(214)] [20:55:01.207] USB: usb_device_handle_win.cc:1048 Failed to read descriptor from node connection: A device attached to the system is not functioning. (0x1F)
Sept 11, 2021 21:22:20.969 [11476:5992:0911/212220.965:ERROR:device_event_log_impl.cc(214)] [21:22:20.966] USB: usb_device_handle_win.cc:1048 Failed to read descriptor from node connection: A device attached to the system is not functioning. (0x1F)
Sept 11, 2021 21:22:20.971 [11476:5992:0911/212220.967:ERROR:device_event_log_impl.cc(214)] [21:22:20.967] USB: usb_device_handle_win.cc:1048 Failed to read descriptor from node connection: A device attached to the system is not functioning. (0x1F)
